2023-10-01 14:43:32 0 [Note] w:\modules\database\MariaDB-10.3\bin\mysqld.exe (mysqld 10.3.22-MariaDB) starting as process 22944 ...
2023-10-01 14:43:32 0 [Note] InnoDB: Mutexes and rw_locks use Windows interlocked functions
2023-10-01 14:43:32 0 [Note] InnoDB: Uses event mutexes
2023-10-01 14:43:32 0 [Note] InnoDB: Compressed tables use zlib 1.2.11
2023-10-01 14:43:32 0 [Note] InnoDB: Number of pools: 1
2023-10-01 14:43:32 0 [Note] InnoDB: Using SSE2 crc32 instructions
2023-10-01 14:43:32 0 [Note] InnoDB: Initializing buffer pool, total size = 128M, instances = 1, chunk size = 128M
2023-10-01 14:43:32 0 [Note] InnoDB: Completed initialization of buffer pool
2023-10-01 14:43:32 0 [Note] InnoDB: 128 out of 128 rollback segments are active.
2023-10-01 14:43:32 0 [Note] InnoDB: Creating shared tablespace for temporary tables
2023-10-01 14:43:32 0 [Note] InnoDB: Setting file 'w:\userdata\MariaDB-10.3\ibtmp1' size to 12 MB. Physically writing the file full; Please wait ...
2023-10-01 14:43:32 0 [Note] InnoDB: File 'w:\userdata\MariaDB-10.3\ibtmp1' size is now 12 MB.
2023-10-01 14:43:32 0 [Note] InnoDB: Waiting for purge to start
2023-10-01 14:43:32 0 [Note] InnoDB: 10.3.22 started; log sequence number 20833331; transaction id 10335
2023-10-01 14:43:32 0 [Note] InnoDB: Loading buffer pool(s) from w:\userdata\MariaDB-10.3\ib_buffer_pool
2023-10-01 14:43:32 0 [Note] Plugin 'FEEDBACK' is disabled.
2023-10-01 14:43:32 0 [Note] Server socket created on IP: '127.0.0.1'.
2023-10-01 14:43:32 0 [Note] InnoDB: Buffer pool(s) load completed at 231001 14:43:32
2023-10-01 14:43:33 0 [Note] Reading of all Master_info entries succeeded
2023-10-01 14:43:33 0 [Note] Added new Master_info '' to hash table
2023-10-01 14:43:33 0 [Note] w:\modules\database\MariaDB-10.3\bin\mysqld.exe: ready for connections.
Version: '10.3.22-MariaDB'  socket: ''  port: 3306  mariadb.org binary distribution
2023-10-02 11:29:31 0 [Note] w:\modules\database\MariaDB-10.3\bin\mysqld.exe (initiated by: unknown): Normal shutdown
2023-10-02 11:29:31 0 [Note] InnoDB: FTS optimize thread exiting.
2023-10-02 11:29:31 0 [Note] Event Scheduler: Purging the queue. 0 events
2023-10-02 11:29:31 0 [Note] InnoDB: Starting shutdown...
2023-10-02 11:29:31 0 [Note] InnoDB: Dumping buffer pool(s) to w:\userdata\MariaDB-10.3\ib_buffer_pool
2023-10-02 11:29:31 0 [Note] InnoDB: Buffer pool(s) dump completed at 231002 11:29:31
2023-10-02 11:29:32 0 [Note] InnoDB: Shutdown completed; log sequence number 22154545; transaction id 10758
2023-10-02 11:29:32 0 [Note] InnoDB: Removed temporary tablespace data file: "ibtmp1"
2023-10-02 11:29:32 0 [Note] w:\modules\database\MariaDB-10.3\bin\mysqld.exe: Shutdown complete

